<?xml version="1.0" encoding="UTF-8"?>
<!-- Generated by org.testng.reporters.JUnitReportReporter -->
<testsuite hostname="DESKTOP-EVK9GMC" failures="0" tests="1" name="com.shoppingapp.testscripts.DeliveryTheProduct" time="23.835" errors="0" timestamp="29 Jan 2021 16:16:55 GMT" skipped="0">
  <testcase classname="com.shoppingapp.testscripts.DeliveryTheProduct" name="productDelivery" time="23.835"/>
</testsuite> <!-- com.shoppingapp.testscripts.DeliveryTheProduct -->
